<?xml version="1.0" encoding="UTF-8"?>
<!-- Generated by org.testng.reporters.JUnitReportReporter -->
<testsuite skipped="0" hostname="dell-PC" name="com.utility.ExcelUtility" tests="1" failures="0" timestamp="17 Oct 2021 05:17:56 GMT" time="8.126" errors="0">
  <testcase name="test" time="8.126" classname="com.utility.ExcelUtility"/>
</testsuite> <!-- com.utility.ExcelUtility -->
